  ▲ Next.js 14.2.28
  - Local:        http://localhost:3000
  - Environments: .env
  - Experiments (use with caution):
    · outputFileTracingRoot

 ✓ Starting...
Attention: Next.js now collects completely anonymous telemetry regarding usage.
This information is used to shape Next.js' roadmap and prioritize features.
You can learn more, including how to opt-out if you'd not like to participate in this anonymous program, by visiting the following URL:
https://nextjs.org/telemetry

 ✓ Ready in 1329ms
 ○ Compiling / ...
 ✓ Compiled / in 3.2s (620 modules)
 GET / 200 in 3628ms
 ✓ Compiled in 460ms (313 modules)
 ○ Compiling /api/auth/[...nextauth] ...
 ✓ Compiled /api/auth/[...nextauth] in 2.5s (541 modules)
 GET /api/auth/session 200 in 3048ms
 ○ Compiling /auth/signin ...
 ✓ Compiled /auth/signin in 1493ms (1444 modules)
 GET /api/auth/session 200 in 1561ms
[?25h
