  ▲ Next.js 14.2.28
  - Local:        http://localhost:3000
  - Environments: .env
  - Experiments (use with caution):
    · outputFileTracingRoot

 ✓ Starting...
 ✓ Ready in 2.1s
 ○ Compiling / ...
 ✓ Compiled / in 3.1s (620 modules)
 GET / 200 in 3368ms
 GET / 200 in 3576ms
 ✓ Compiled in 464ms (313 modules)
 GET / 200 in 53ms
 ○ Compiling /api/auth/[...nextauth] ...
 ✓ Compiled /api/auth/[...nextauth] in 731ms (541 modules)
 GET /api/auth/session 200 in 1209ms
 GET /api/auth/session 200 in 26ms
 ○ Compiling /auth/signin ...
 ✓ Compiled /auth/signin in 1395ms (1444 modules)
 GET /api/auth/providers 200 in 36ms
 GET /api/auth/csrf 200 in 26ms
 POST /api/auth/callback/credentials 401 in 206ms
 GET /api/auth/providers 200 in 24ms
 GET /api/auth/csrf 200 in 23ms
 POST /api/auth/callback/credentials 401 in 108ms
